[2026-06-10 09:27:23] 行业资讯发送硬约束：仅允许发送飞书卡片；目标必须且只能是 user:ou_dfa6d78ac7f1e08b474d766109b9fea7；禁止普通文本、禁止群聊、禁止过程说明。
[2026-06-10 09:27:23] 开始发送飞书卡片，目标=user:ou_dfa6d78ac7f1e08b474d766109b9fea7，dry_run=true
[2026-06-10 09:27:23] 发送前自检通过：仅最终资讯、仅卡片、仅个人飞书目标
[2026-06-10 09:27:26] 发送返回: │
◇  Config warnings ────────────────────────────────────────────────────────╮
│                                                                          │
│  - plugins.entries.feishu: plugin feishu: installed plugin package       │
│    requires compiled runtime output for TypeScript entry index.ts:       │
│    expected ./dist/index.js, ./dist/index.mjs, ./dist/index.cjs,         │
│    index.js, index.mjs, index.cjs                                        │
│  - plugins.entries.openviking: plugin disabled (disabled in config) but  │
│    config is present                                                     │
│                                                                          │
├──────────────────────────────────────────────────────────────────────────╯
✅ Sent via Feishu. Message ID: unknown
[2026-06-10 09:27:26] 发送完成（卡片路径）
[2026-06-10 09:29:39] 行业资讯发送硬约束：仅允许发送飞书卡片；目标必须且只能是 user:ou_dfa6d78ac7f1e08b474d766109b9fea7；禁止普通文本、禁止群聊、禁止过程说明。
[2026-06-10 09:29:39] 开始发送飞书原生 interactive card，目标=user:ou_dfa6d78ac7f1e08b474d766109b9fea7，dry_run=true
[2026-06-10 09:29:39] 发送前自检通过：仅最终资讯、仅原生 interactive card、仅个人飞书目标
[2026-06-10 09:29:48] 行业资讯发送硬约束：仅允许发送飞书卡片；目标必须且只能是 user:ou_dfa6d78ac7f1e08b474d766109b9fea7；禁止普通文本、禁止群聊、禁止过程说明。
[2026-06-10 09:29:48] 开始发送飞书原生 interactive card，目标=user:ou_dfa6d78ac7f1e08b474d766109b9fea7，dry_run=true
[2026-06-10 09:29:48] 发送前自检通过：仅最终资讯、仅原生 interactive card、仅个人飞书目标
[2026-06-10 09:29:50] 发送报错: error: unknown option '--card'
[2026-06-10 09:29:50] 发送失败，exit_code=1
